*Info*    Exporting services from client ... 

*Info*    Client has finished starting ... 



*Info*    Configuring the session ...

	Library      = Training
	Cell         = CoreFreq_TB
	View         = schematic
	Simulator    = spectre
	State Path   = $AXL_SETUPDB_DIR/test_states
	State Name   = Interactive.4
	Results DB   = /home/aditya/Desktop/Training/CoreFreq_TB/maestro/results/maestro/Interactive.4.rdb
	Results Dir  = /home/aditya/simulation/Training/CoreFreq_TB/maestro/results/maestro/Interactive.4/1/Training:CoreFreq_TB:1
	Results Loc  = /home/aditya/simulation/Training/CoreFreq_TB/maestro/results/maestro
	Project Dir  = /home/aditya/simulation
	Setup DB loc = /home/aditya/Desktop/Training/CoreFreq_TB/maestro
	File Encoding = 0


*Info*    The simulation mode in Spectre has been changed from
          'interactive' to 'batch' mode because ICLP.


*Info*    The auto suspension is disabled.






*Info*    Run start for Point ID (0 1) on testbench [
          Training:CoreFreq_TB:1 ].

Resetting statistical vars

*Info*    Setting parameter values ...

Setting temp(T) = 27

*Info*    Netlist Directory =
          /home/aditya/simulation/Training/CoreFreq_TB/maestro/results/maestro/Interactive.4/1/Training:CoreFreq_TB:1/netlist


*Info*    Data Directory    =
          /home/aditya/simulation/Training/CoreFreq_TB/maestro/results/maestro/Interactive.4/1/Training:CoreFreq_TB:1


*Info*    Creating Netlist for Point ID (0 1)

generate netlist...
Begin Incremental Netlisting Oct 14 16:05:53 2025
WARNING (OSSHNL-159): The primitive, 'Training/CoreFreq/veriloga', has been updated since the last netlisting session
in this current run directory. Therefore, re-netlisting all cell views where
this primitive is instantiated.

End netlisting Oct 14 16:05:53 2025

Netlisting Statistics:
	Number of components:    2

	Elapsed time:          0.0s
Errors: 0	Warnings: 0
      ...successful.
compose simulator input file...
      ...successful.

*Info*    Running simulation on testbench [ Training:CoreFreq_TB:1 ]
          for Point ID (0 1).

Delete psf data in /home/aditya/simulation/Training/CoreFreq_TB/maestro/results/maestro/Interactive.4/1/Training:CoreFreq_TB:1/psf.
compose simulator input file...
      ...successful.
start simulator if needed...
      ...successful.
simulate...
To view the simulator output, right-click on the test name, result 
name, or any value in the "Results" tab of the Outputs section and 
choose "Output Log" menu option.
INFO (ADE-3071): Simulation completed successfully.
reading simulation data...
No data directory returned by spectre
      ...unsuccessful.
*Info*    Client has finished evaluating ... 


*Info*    Run complete for Point ID (0 1) on testbench [
          Training:CoreFreq_TB:1 ].





