


	Library      = Training
	Cell         = OPAMP_Mod_Sym_TB
	View         = schematic
	Simulator    = spectre
	State Path   = $AXL_SETUPDB_DIR/test_states
	State Name   = ExplorerRun.0
	Results DB   = /home/aditya/Desktop/Training/OPAMP_Mod_Sym_TB/maestro/results/maestro/ExplorerRun.0.rdb
	Results Dir  = /home/aditya/simulation/Training/OPAMP_Mod_Sym_TB/maestro/results/maestro/ExplorerRun.0/1/Training:OPAMP_Mod_Sym_TB:1
	Results Loc  = /home/aditya/simulation/Training/OPAMP_Mod_Sym_TB/maestro/results/maestro
	Project Dir  = /home/aditya/simulation
	Setup DB loc = /home/aditya/Desktop/Training/OPAMP_Mod_Sym_TB/maestro
	File Encoding = 0










Resetting statistical vars


Setting temp(T) = 27






generate netlist...
Begin Incremental Netlisting Oct 14 18:02:57 2025
End netlisting Oct 14 18:02:57 2025

	The netlist is up to date.
	Time taken to compare the design with netlist:   0.0s
      ...successful.
compose simulator input file...
      ...successful.


Delete psf data in /home/aditya/simulation/Training/OPAMP_Mod_Sym_TB/maestro/results/maestro/ExplorerRun.0/1/Training:OPAMP_Mod_Sym_TB:1/psf.
compose simulator input file...
      ...successful.
start simulator if needed...
      ...successful.
simulate...
To view the simulator output, right-click on the test name, result 
name, or any value in the "Results" tab of the Outputs section and 
choose "Output Log" menu option.
INFO (ADE-3067): Errors encountered during simulation. For more information, right-click
        on a test name in the 'Results' tab of the Outputs pane and choose 'Output Log'
        to view the simulation run log.
reading simulation data...
No data directory returned by spectre
      ...unsuccessful.











